<?xml version="1.0" encoding="UTF-8" ?>
<testsuite errors="0" failures="0" hostname="EEE" name="ws.chojnacki.timetable.data.EntityFactoryImplTest" tests="1" time="5.391" timestamp="2009-06-08T18:40:18">
  <properties>
[...]
</properties>
  <testcase classname="ws.chojnacki.timetable.data.EntityFactoryImplTest" name="testEntityFactoryImplRead" time="4.469" />
  <system-out><![CDATA[]]></system-out>
  <system-err><![CDATA[0ws.chojnacki.timetable.data.Line
1ws.chojnacki.timetable.data.Line
2ws.chojnacki.timetable.data.Line
3ws.chojnacki.timetable.data.Line
4ws.chojnacki.timetable.data.Line
5ws.chojnacki.timetable.data.Line
6ws.chojnacki.timetable.data.Line
7ws.chojnacki.timetable.data.Line
8ws.chojnacki.timetable.data.Line
9ws.chojnacki.timetable.data.Line
10ws.chojnacki.timetable.data.Line
11ws.chojnacki.timetable.data.Line
12ws.chojnacki.timetable.data.Line
13ws.chojnacki.timetable.data.Line
14ws.chojnacki.timetable.data.Line
15ws.chojnacki.timetable.data.Line
17ws.chojnacki.timetable.data.Line
16ws.chojnacki.timetable.data.Line
19ws.chojnacki.timetable.data.Line
18ws.chojnacki.timetable.data.Line
21ws.chojnacki.timetable.data.Line
20ws.chojnacki.timetable.data.Line
23ws.chojnacki.timetable.data.Line
22ws.chojnacki.timetable.data.Line
25ws.chojnacki.timetable.data.Line
24ws.chojnacki.timetable.data.Line
27ws.chojnacki.timetable.data.Line
26ws.chojnacki.timetable.data.Line
29ws.chojnacki.timetable.data.Line
28ws.chojnacki.timetable.data.Line
30ws.chojnacki.timetable.data.Line
34ws.chojnacki.timetable.data.Line
35ws.chojnacki.timetable.data.Line
32ws.chojnacki.timetable.data.Line
33ws.chojnacki.timetable.data.Line
38ws.chojnacki.timetable.data.Line
39ws.chojnacki.timetable.data.Line
36ws.chojnacki.timetable.data.Line
37ws.chojnacki.timetable.data.Line
42ws.chojnacki.timetable.data.Line
43ws.chojnacki.timetable.data.Line
40ws.chojnacki.timetable.data.Line
41ws.chojnacki.timetable.data.Line
44ws.chojnacki.timetable.data.Line
45ws.chojnacki.timetable.data.Line
51ws.chojnacki.timetable.data.Line
50ws.chojnacki.timetable.data.Line
49ws.chojnacki.timetable.data.Line
48ws.chojnacki.timetable.data.Line
55ws.chojnacki.timetable.data.Line
54ws.chojnacki.timetable.data.Line
53ws.chojnacki.timetable.data.Line
52ws.chojnacki.timetable.data.Line
59ws.chojnacki.timetable.data.Line
58ws.chojnacki.timetable.data.Line
57ws.chojnacki.timetable.data.Line
56ws.chojnacki.timetable.data.Line
61ws.chojnacki.timetable.data.Line
60ws.chojnacki.timetable.data.Line
68ws.chojnacki.timetable.data.Line
69ws.chojnacki.timetable.data.Line
70ws.chojnacki.timetable.data.Line
71ws.chojnacki.timetable.data.Line
65ws.chojnacki.timetable.data.Line
66ws.chojnacki.timetable.data.Line
67ws.chojnacki.timetable.data.Line
76ws.chojnacki.timetable.data.Line
77ws.chojnacki.timetable.data.Line
78ws.chojnacki.timetable.data.Line
72ws.chojnacki.timetable.data.Line
73ws.chojnacki.timetable.data.Line
74ws.chojnacki.timetable.data.Line
75ws.chojnacki.timetable.data.Line
85ws.chojnacki.timetable.data.Line
84ws.chojnacki.timetable.data.Line
87ws.chojnacki.timetable.data.Line
86ws.chojnacki.timetable.data.Line
83ws.chojnacki.timetable.data.Line
93ws.chojnacki.timetable.data.Line
92ws.chojnacki.timetable.data.Line
95ws.chojnacki.timetable.data.Line
94ws.chojnacki.timetable.data.Line
89ws.chojnacki.timetable.data.Line
88ws.chojnacki.timetable.data.Line
91ws.chojnacki.timetable.data.Line
90ws.chojnacki.timetable.data.Line
102ws.chojnacki.timetable.data.Line
103ws.chojnacki.timetable.data.Line
96ws.chojnacki.timetable.data.Line
110ws.chojnacki.timetable.data.Line
111ws.chojnacki.timetable.data.Line
108ws.chojnacki.timetable.data.Line
109ws.chojnacki.timetable.data.Line
106ws.chojnacki.timetable.data.Line
107ws.chojnacki.timetable.data.Line
104ws.chojnacki.timetable.data.Line
105ws.chojnacki.timetable.data.Line
115ws.chojnacki.timetable.data.Line
114ws.chojnacki.timetable.data.Line
113ws.chojnacki.timetable.data.Line
112ws.chojnacki.timetable.data.Line
127ws.chojnacki.timetable.data.Line
126ws.chojnacki.timetable.data.Line
125ws.chojnacki.timetable.data.Line
124ws.chojnacki.timetable.data.Line
123ws.chojnacki.timetable.data.Line
122ws.chojnacki.timetable.data.Line
129ws.chojnacki.timetable.data.Line
128ws.chojnacki.timetable.data.Line
131ws.chojnacki.timetable.data.Line
130ws.chojnacki.timetable.data.Line
133ws.chojnacki.timetable.data.Line
132ws.chojnacki.timetable.data.Line
135ws.chojnacki.timetable.data.Line
134ws.chojnacki.timetable.data.Line
]]></system-err>
</testsuite>
